2019-04-10 11:25:03 INFO  SaXLogger:86 - Current enum = null
2019-04-10 11:25:03 INFO  SaXLogger:86 - Current enum = null
2019-04-10 11:25:03 INFO  SaXLogger:86 - Current enum = NAME
2019-04-10 11:25:03 INFO  SaXLogger:86 - Current enum = null
2019-04-10 11:25:03 INFO  SaXLogger:86 - Current enum = MAXSPEED
2019-04-10 11:25:03 INFO  SaXLogger:86 - Current enum = null
2019-04-10 11:25:03 INFO  SaXLogger:86 - Current enum = WAGONNUMBER
2019-04-10 11:25:03 INFO  SaXLogger:86 - Current enum = null
2019-04-10 11:25:03 INFO  SaXLogger:86 - Current enum = TRAINTYPE
2019-04-10 11:25:03 INFO  SaXLogger:86 - Current enum = null
2019-04-10 11:25:03 INFO  SaXLogger:86 - Current enum = PASSENGERVALUE
2019-04-10 11:25:03 INFO  SaXLogger:86 - Current enum = null
2019-04-10 11:25:03 INFO  SaXLogger:77 - Train was added : имя='Train606', максимальная скорость=250, количество вагонов=40, тип поезда=PASSENGER, количество пассажиров=20
2019-04-10 11:25:03 INFO  SaXLogger:86 - Current enum = null
2019-04-10 11:25:03 INFO  SaXLogger:86 - Current enum = null
2019-04-10 11:25:03 INFO  SaXLogger:86 - Current enum = NAME
2019-04-10 11:25:03 INFO  SaXLogger:86 - Current enum = null
2019-04-10 11:25:03 INFO  SaXLogger:86 - Current enum = MAXSPEED
2019-04-10 11:25:03 INFO  SaXLogger:86 - Current enum = null
2019-04-10 11:25:03 INFO  SaXLogger:86 - Current enum = WAGONNUMBER
2019-04-10 11:25:03 INFO  SaXLogger:86 - Current enum = null
2019-04-10 11:25:03 INFO  SaXLogger:86 - Current enum = TRAINTYPE
2019-04-10 11:25:03 INFO  SaXLogger:86 - Current enum = null
2019-04-10 11:25:03 INFO  SaXLogger:86 - Current enum = FREIGHTVALUE
2019-04-10 11:25:03 INFO  SaXLogger:86 - Current enum = null
2019-04-10 11:25:03 INFO  SaXLogger:86 - Current enum = MATERIAL
2019-04-10 11:25:03 INFO  SaXLogger:86 - Current enum = null
2019-04-10 11:25:03 INFO  SaXLogger:77 - Train was added : имя='TrainHopper', максимальная скорость=100, количество вагонов=100, тип поезда=HOPPER, количество груза : 55, тип перевозимого материала=LOOSE
2019-04-10 11:25:03 INFO  SaXLogger:86 - Current enum = null
2019-04-10 11:25:03 INFO  SaXLogger:86 - Current enum = null
2019-04-10 11:25:03 INFO  SaXLogger:86 - Current enum = NAME
2019-04-10 11:25:03 INFO  SaXLogger:86 - Current enum = null
2019-04-10 11:25:03 INFO  SaXLogger:86 - Current enum = MAXSPEED
2019-04-10 11:25:03 INFO  SaXLogger:86 - Current enum = null
2019-04-10 11:25:03 INFO  SaXLogger:86 - Current enum = WAGONNUMBER
2019-04-10 11:25:03 INFO  SaXLogger:86 - Current enum = null
2019-04-10 11:25:03 INFO  SaXLogger:86 - Current enum = TRAINTYPE
2019-04-10 11:25:03 INFO  SaXLogger:86 - Current enum = null
2019-04-10 11:25:03 INFO  SaXLogger:86 - Current enum = FREIGHTVALUE
2019-04-10 11:25:03 INFO  SaXLogger:86 - Current enum = null
2019-04-10 11:25:03 INFO  SaXLogger:77 - Train was added : имя='FreightTrain', максимальная скорость=125, количество вагонов=10, тип поезда=FREIGHT, количество груза : 20
2019-04-10 11:25:03 INFO  SaXLogger:86 - Current enum = null
2019-04-10 11:28:51 INFO  SaXLogger:86 - Current enum = null
2019-04-10 11:28:51 INFO  SaXLogger:86 - Current enum = null
2019-04-10 11:28:51 INFO  SaXLogger:86 - Current enum = NAME
2019-04-10 11:28:51 INFO  SaXLogger:86 - Current enum = null
2019-04-10 11:28:51 INFO  SaXLogger:86 - Current enum = MAXSPEED
2019-04-10 11:28:51 INFO  SaXLogger:86 - Current enum = null
2019-04-10 11:28:51 INFO  SaXLogger:86 - Current enum = WAGONNUMBER
2019-04-10 11:28:51 INFO  SaXLogger:86 - Current enum = null
2019-04-10 11:28:51 INFO  SaXLogger:86 - Current enum = TRAINTYPE
2019-04-10 11:28:51 INFO  SaXLogger:86 - Current enum = null
2019-04-10 11:28:51 INFO  SaXLogger:86 - Current enum = PASSENGERVALUE
2019-04-10 11:28:51 INFO  SaXLogger:86 - Current enum = null
2019-04-10 11:28:51 INFO  SaXLogger:77 - Train was added : имя='Train606', максимальная скорость=250, количество вагонов=40, тип поезда=PASSENGER, количество пассажиров=20
2019-04-10 11:28:51 INFO  SaXLogger:86 - Current enum = null
2019-04-10 11:28:51 INFO  SaXLogger:86 - Current enum = null
2019-04-10 11:28:51 INFO  SaXLogger:86 - Current enum = NAME
2019-04-10 11:28:51 INFO  SaXLogger:86 - Current enum = null
2019-04-10 11:28:51 INFO  SaXLogger:86 - Current enum = MAXSPEED
2019-04-10 11:28:51 INFO  SaXLogger:86 - Current enum = null
2019-04-10 11:28:51 INFO  SaXLogger:86 - Current enum = WAGONNUMBER
2019-04-10 11:28:51 INFO  SaXLogger:86 - Current enum = null
2019-04-10 11:28:51 INFO  SaXLogger:86 - Current enum = TRAINTYPE
2019-04-10 11:28:51 INFO  SaXLogger:86 - Current enum = null
2019-04-10 11:28:51 INFO  SaXLogger:86 - Current enum = FREIGHTVALUE
2019-04-10 11:28:51 INFO  SaXLogger:86 - Current enum = null
2019-04-10 11:28:51 INFO  SaXLogger:86 - Current enum = MATERIAL
2019-04-10 11:28:51 INFO  SaXLogger:86 - Current enum = null
2019-04-10 11:28:51 INFO  SaXLogger:77 - Train was added : имя='TrainHopper', максимальная скорость=100, количество вагонов=100, тип поезда=HOPPER, количество груза : 55, тип перевозимого материала=LOOSE
2019-04-10 11:28:51 INFO  SaXLogger:86 - Current enum = null
2019-04-10 11:28:51 INFO  SaXLogger:86 - Current enum = null
2019-04-10 11:28:51 INFO  SaXLogger:86 - Current enum = NAME
2019-04-10 11:28:51 INFO  SaXLogger:86 - Current enum = null
2019-04-10 11:28:51 INFO  SaXLogger:86 - Current enum = MAXSPEED
2019-04-10 11:28:51 INFO  SaXLogger:86 - Current enum = null
2019-04-10 11:28:51 INFO  SaXLogger:86 - Current enum = WAGONNUMBER
2019-04-10 11:28:51 INFO  SaXLogger:86 - Current enum = null
2019-04-10 11:28:51 INFO  SaXLogger:86 - Current enum = TRAINTYPE
2019-04-10 11:28:51 INFO  SaXLogger:86 - Current enum = null
2019-04-10 11:28:51 INFO  SaXLogger:86 - Current enum = FREIGHTVALUE
2019-04-10 11:28:51 INFO  SaXLogger:86 - Current enum = null
2019-04-10 11:28:51 INFO  SaXLogger:77 - Train was added : имя='FreightTrain', максимальная скорость=125, количество вагонов=10, тип поезда=FREIGHT, количество груза : 20
2019-04-10 11:28:51 INFO  SaXLogger:86 - Current enum = null
2019-04-10 11:28:51 INFO  SaXLogger:86 - Current enum = null
2019-04-10 11:28:51 INFO  SaXLogger:86 - Current enum = NAME
2019-04-10 11:28:51 INFO  SaXLogger:86 - Current enum = null
2019-04-10 11:28:51 INFO  SaXLogger:86 - Current enum = MAXSPEED
2019-04-10 11:28:51 INFO  SaXLogger:86 - Current enum = null
2019-04-10 11:28:51 INFO  SaXLogger:86 - Current enum = WAGONNUMBER
2019-04-10 11:28:51 INFO  SaXLogger:86 - Current enum = null
2019-04-10 11:28:51 INFO  SaXLogger:86 - Current enum = TRAINTYPE
2019-04-10 11:28:51 INFO  SaXLogger:86 - Current enum = null
2019-04-10 11:28:51 INFO  SaXLogger:86 - Current enum = PASSENGERVALUE
2019-04-10 11:28:51 INFO  SaXLogger:86 - Current enum = null
2019-04-10 11:28:51 INFO  SaXLogger:86 - Current enum = WAGONTYPE
2019-04-10 11:28:51 INFO  SaXLogger:86 - Current enum = null
2019-04-10 11:28:51 INFO  SaXLogger:77 - Train was added : имя='HighSpeedTrain1', максимальная скорость=220, количество вагонов=3, тип поезда=HIGHSPEED, количество пассажиров=20, тип вагона=COMMON
2019-04-10 11:28:51 INFO  SaXLogger:86 - Current enum = null
2019-04-10 11:35:56 INFO  SaXLogger:86 - Current enum = null
2019-04-10 11:35:56 INFO  SaXLogger:86 - Current enum = null
2019-04-10 11:35:56 INFO  SaXLogger:86 - Current enum = NAME
2019-04-10 11:35:56 INFO  SaXLogger:86 - Current enum = null
2019-04-10 11:35:56 INFO  SaXLogger:86 - Current enum = MAXSPEED
2019-04-10 11:35:56 INFO  SaXLogger:86 - Current enum = null
2019-04-10 11:35:56 INFO  SaXLogger:86 - Current enum = WAGONNUMBER
2019-04-10 11:35:56 INFO  SaXLogger:86 - Current enum = null
2019-04-10 11:35:56 INFO  SaXLogger:86 - Current enum = TRAINTYPE
2019-04-10 11:35:56 INFO  SaXLogger:86 - Current enum = null
2019-04-10 11:35:56 INFO  SaXLogger:86 - Current enum = PASSENGERVALUE
2019-04-10 11:35:56 INFO  SaXLogger:86 - Current enum = null
2019-04-10 11:35:56 INFO  SaXLogger:77 - Train was added : имя='Train606', максимальная скорость=250, количество вагонов=40, тип поезда=PASSENGER, количество пассажиров=20
2019-04-10 11:35:56 INFO  SaXLogger:86 - Current enum = null
2019-04-10 11:35:56 INFO  SaXLogger:86 - Current enum = null
2019-04-10 11:35:56 INFO  SaXLogger:86 - Current enum = NAME
2019-04-10 11:35:56 INFO  SaXLogger:86 - Current enum = null
2019-04-10 11:35:56 INFO  SaXLogger:86 - Current enum = MAXSPEED
2019-04-10 11:35:56 INFO  SaXLogger:86 - Current enum = null
2019-04-10 11:35:56 INFO  SaXLogger:86 - Current enum = WAGONNUMBER
2019-04-10 11:35:56 INFO  SaXLogger:86 - Current enum = null
2019-04-10 11:35:56 INFO  SaXLogger:86 - Current enum = TRAINTYPE
2019-04-10 11:35:56 INFO  SaXLogger:86 - Current enum = null
2019-04-10 11:35:56 INFO  SaXLogger:86 - Current enum = FREIGHTVALUE
2019-04-10 11:35:56 INFO  SaXLogger:86 - Current enum = null
2019-04-10 11:35:56 INFO  SaXLogger:86 - Current enum = MATERIAL
2019-04-10 11:35:56 INFO  SaXLogger:86 - Current enum = null
2019-04-10 11:35:56 INFO  SaXLogger:77 - Train was added : имя='TrainHopper', максимальная скорость=100, количество вагонов=100, тип поезда=HOPPER, количество груза : 55, тип перевозимого материала=LOOSE
2019-04-10 11:35:56 INFO  SaXLogger:86 - Current enum = null
2019-04-10 11:35:56 INFO  SaXLogger:86 - Current enum = null
2019-04-10 11:35:56 INFO  SaXLogger:86 - Current enum = NAME
2019-04-10 11:35:56 INFO  SaXLogger:86 - Current enum = null
2019-04-10 11:35:56 INFO  SaXLogger:86 - Current enum = MAXSPEED
2019-04-10 11:35:56 INFO  SaXLogger:86 - Current enum = null
2019-04-10 11:35:56 INFO  SaXLogger:86 - Current enum = WAGONNUMBER
2019-04-10 11:35:56 INFO  SaXLogger:86 - Current enum = null
2019-04-10 11:35:56 INFO  SaXLogger:86 - Current enum = TRAINTYPE
2019-04-10 11:35:56 INFO  SaXLogger:86 - Current enum = null
2019-04-10 11:35:56 INFO  SaXLogger:86 - Current enum = FREIGHTVALUE
2019-04-10 11:35:56 INFO  SaXLogger:86 - Current enum = null
2019-04-10 11:35:56 INFO  SaXLogger:77 - Train was added : имя='FreightTrain', максимальная скорость=125, количество вагонов=10, тип поезда=FREIGHT, количество груза : 20
2019-04-10 11:35:56 INFO  SaXLogger:86 - Current enum = null
2019-04-10 11:35:56 INFO  SaXLogger:86 - Current enum = null
2019-04-10 11:35:56 INFO  SaXLogger:86 - Current enum = NAME
2019-04-10 11:35:56 INFO  SaXLogger:86 - Current enum = null
2019-04-10 11:35:56 INFO  SaXLogger:86 - Current enum = MAXSPEED
2019-04-10 11:35:56 INFO  SaXLogger:86 - Current enum = null
2019-04-10 11:35:56 INFO  SaXLogger:86 - Current enum = WAGONNUMBER
2019-04-10 11:35:56 INFO  SaXLogger:86 - Current enum = null
2019-04-10 11:35:56 INFO  SaXLogger:86 - Current enum = TRAINTYPE
2019-04-10 11:35:56 INFO  SaXLogger:86 - Current enum = null
2019-04-10 11:35:56 INFO  SaXLogger:86 - Current enum = PASSENGERVALUE
2019-04-10 11:35:56 INFO  SaXLogger:86 - Current enum = null
2019-04-10 11:35:56 INFO  SaXLogger:86 - Current enum = WAGONTYPE
2019-04-10 11:35:56 INFO  SaXLogger:86 - Current enum = null
2019-04-10 11:35:56 INFO  SaXLogger:77 - Train was added : имя='HighSpeedTrain1', максимальная скорость=220, количество вагонов=3, тип поезда=HIGHSPEED, количество пассажиров=20, тип вагона=COMMON
2019-04-10 11:35:56 INFO  SaXLogger:86 - Current enum = null
2019-04-10 11:35:56 INFO  SaXLogger:86 - Current enum = null
2019-04-10 11:35:56 INFO  SaXLogger:86 - Current enum = NAME
2019-04-10 11:35:56 INFO  SaXLogger:86 - Current enum = null
2019-04-10 11:35:56 INFO  SaXLogger:86 - Current enum = MAXSPEED
2019-04-10 11:35:56 INFO  SaXLogger:86 - Current enum = null
2019-04-10 11:35:56 INFO  SaXLogger:86 - Current enum = WAGONNUMBER
2019-04-10 11:35:56 INFO  SaXLogger:86 - Current enum = null
2019-04-10 11:35:56 INFO  SaXLogger:86 - Current enum = TRAINTYPE
2019-04-10 11:35:56 INFO  SaXLogger:86 - Current enum = null
2019-04-10 11:35:56 INFO  SaXLogger:86 - Current enum = FREIGHTVALUE
2019-04-10 11:35:56 INFO  SaXLogger:86 - Current enum = null
2019-04-10 11:35:56 INFO  SaXLogger:86 - Current enum = MATERIAL
2019-04-10 11:35:56 INFO  SaXLogger:86 - Current enum = null
2019-04-10 11:35:56 INFO  SaXLogger:77 - Train was added : имя='TrainHopper', максимальная скорость=100, количество вагонов=100, тип поезда=HOPPER, количество груза : 55, тип перевозимого материала=LOOSE
2019-04-10 11:35:56 INFO  SaXLogger:86 - Current enum = null
2019-04-10 11:37:13 INFO  SaXLogger:86 - Current enum = null
2019-04-10 11:37:13 INFO  SaXLogger:86 - Current enum = null
2019-04-10 11:37:13 INFO  SaXLogger:86 - Current enum = NAME
2019-04-10 11:37:13 INFO  SaXLogger:86 - Current enum = null
2019-04-10 11:37:13 INFO  SaXLogger:86 - Current enum = MAXSPEED
2019-04-10 11:37:13 INFO  SaXLogger:86 - Current enum = null
2019-04-10 11:37:13 INFO  SaXLogger:86 - Current enum = WAGONNUMBER
2019-04-10 11:37:13 INFO  SaXLogger:86 - Current enum = null
2019-04-10 11:37:13 INFO  SaXLogger:86 - Current enum = TRAINTYPE
2019-04-10 11:37:13 INFO  SaXLogger:86 - Current enum = null
2019-04-10 11:37:13 INFO  SaXLogger:86 - Current enum = PASSENGERVALUE
2019-04-10 11:37:13 INFO  SaXLogger:86 - Current enum = null
2019-04-10 11:37:13 INFO  SaXLogger:77 - Train was added : имя='Train606', максимальная скорость=250, количество вагонов=40, тип поезда=PASSENGER, количество пассажиров=20
2019-04-10 11:37:13 INFO  SaXLogger:86 - Current enum = null
2019-04-10 11:37:13 INFO  SaXLogger:86 - Current enum = null
2019-04-10 11:37:13 INFO  SaXLogger:86 - Current enum = NAME
2019-04-10 11:37:13 INFO  SaXLogger:86 - Current enum = null
2019-04-10 11:37:13 INFO  SaXLogger:86 - Current enum = MAXSPEED
2019-04-10 11:37:13 INFO  SaXLogger:86 - Current enum = null
2019-04-10 11:37:13 INFO  SaXLogger:86 - Current enum = WAGONNUMBER
2019-04-10 11:37:13 INFO  SaXLogger:86 - Current enum = null
2019-04-10 11:37:13 INFO  SaXLogger:86 - Current enum = TRAINTYPE
2019-04-10 11:37:13 INFO  SaXLogger:86 - Current enum = null
2019-04-10 11:37:13 INFO  SaXLogger:86 - Current enum = FREIGHTVALUE
2019-04-10 11:37:13 INFO  SaXLogger:86 - Current enum = null
2019-04-10 11:37:13 INFO  SaXLogger:86 - Current enum = MATERIAL
2019-04-10 11:37:13 INFO  SaXLogger:86 - Current enum = null
2019-04-10 11:37:13 INFO  SaXLogger:77 - Train was added : имя='TrainHopper', максимальная скорость=100, количество вагонов=100, тип поезда=HOPPER, количество груза : 55, тип перевозимого материала=LOOSE
2019-04-10 11:37:13 INFO  SaXLogger:86 - Current enum = null
2019-04-10 11:37:13 INFO  SaXLogger:86 - Current enum = null
2019-04-10 11:37:13 INFO  SaXLogger:86 - Current enum = NAME
2019-04-10 11:37:13 INFO  SaXLogger:86 - Current enum = null
2019-04-10 11:37:13 INFO  SaXLogger:86 - Current enum = MAXSPEED
2019-04-10 11:37:13 INFO  SaXLogger:86 - Current enum = null
2019-04-10 11:37:13 INFO  SaXLogger:86 - Current enum = WAGONNUMBER
2019-04-10 11:37:13 INFO  SaXLogger:86 - Current enum = null
2019-04-10 11:37:13 INFO  SaXLogger:86 - Current enum = TRAINTYPE
2019-04-10 11:37:13 INFO  SaXLogger:86 - Current enum = null
2019-04-10 11:37:13 INFO  SaXLogger:86 - Current enum = FREIGHTVALUE
2019-04-10 11:37:13 INFO  SaXLogger:86 - Current enum = null
2019-04-10 11:37:13 INFO  SaXLogger:77 - Train was added : имя='FreightTrain', максимальная скорость=125, количество вагонов=10, тип поезда=FREIGHT, количество груза : 20
2019-04-10 11:37:13 INFO  SaXLogger:86 - Current enum = null
2019-04-10 11:37:13 INFO  SaXLogger:86 - Current enum = null
2019-04-10 11:37:13 INFO  SaXLogger:86 - Current enum = NAME
2019-04-10 11:37:13 INFO  SaXLogger:86 - Current enum = null
2019-04-10 11:37:13 INFO  SaXLogger:86 - Current enum = MAXSPEED
2019-04-10 11:37:13 INFO  SaXLogger:86 - Current enum = null
2019-04-10 11:37:13 INFO  SaXLogger:86 - Current enum = WAGONNUMBER
2019-04-10 11:37:13 INFO  SaXLogger:86 - Current enum = null
2019-04-10 11:37:13 INFO  SaXLogger:86 - Current enum = TRAINTYPE
2019-04-10 11:37:13 INFO  SaXLogger:86 - Current enum = null
2019-04-10 11:37:13 INFO  SaXLogger:86 - Current enum = PASSENGERVALUE
2019-04-10 11:37:13 INFO  SaXLogger:86 - Current enum = null
2019-04-10 11:37:13 INFO  SaXLogger:86 - Current enum = WAGONTYPE
2019-04-10 11:37:13 INFO  SaXLogger:86 - Current enum = null
2019-04-10 11:37:13 INFO  SaXLogger:77 - Train was added : имя='HighSpeedTrain2', максимальная скорость=220, количество вагонов=10, тип поезда=HIGHSPEED, количество пассажиров=66, тип вагона=FIRST_CLASS
2019-04-10 11:37:13 INFO  SaXLogger:86 - Current enum = null
2019-04-10 12:00:29 ERROR SaXLogger:54 - I/О thread error : java.net.MalformedURLException: no protocol: "C:\Users\User\IdeaProjects\Task06\src\main\resources\railwayStation.xml"
2019-04-10 12:01:35 ERROR SaXLogger:54 - I/О thread error : java.net.MalformedURLException: no protocol: "C:\Users\User\IdeaProjects\Task06\src\main\resources\railwayStation.xml"
2019-04-10 12:03:02 INFO  SaXLogger:86 - Current enum = null
2019-04-10 12:03:02 INFO  SaXLogger:86 - Current enum = null
2019-04-10 12:03:02 INFO  SaXLogger:86 - Current enum = NAME
2019-04-10 12:03:02 INFO  SaXLogger:86 - Current enum = null
2019-04-10 12:03:02 INFO  SaXLogger:86 - Current enum = MAXSPEED
2019-04-10 12:03:02 INFO  SaXLogger:86 - Current enum = null
2019-04-10 12:03:02 INFO  SaXLogger:86 - Current enum = WAGONNUMBER
2019-04-10 12:03:02 INFO  SaXLogger:86 - Current enum = null
2019-04-10 12:03:02 INFO  SaXLogger:86 - Current enum = TRAINTYPE
2019-04-10 12:03:02 INFO  SaXLogger:86 - Current enum = null
2019-04-10 12:03:02 INFO  SaXLogger:86 - Current enum = PASSENGERVALUE
2019-04-10 12:03:02 INFO  SaXLogger:86 - Current enum = null
2019-04-10 12:03:02 INFO  SaXLogger:77 - Train was added : имя='Train606', максимальная скорость=250, количество вагонов=40, тип поезда=PASSENGER, количество пассажиров=20
2019-04-10 12:03:02 INFO  SaXLogger:86 - Current enum = null
2019-04-10 12:03:02 INFO  SaXLogger:86 - Current enum = null
2019-04-10 12:03:02 INFO  SaXLogger:86 - Current enum = NAME
2019-04-10 12:03:02 INFO  SaXLogger:86 - Current enum = null
2019-04-10 12:03:02 INFO  SaXLogger:86 - Current enum = MAXSPEED
2019-04-10 12:03:02 INFO  SaXLogger:86 - Current enum = null
2019-04-10 12:03:02 INFO  SaXLogger:86 - Current enum = WAGONNUMBER
2019-04-10 12:03:02 INFO  SaXLogger:86 - Current enum = null
2019-04-10 12:03:02 INFO  SaXLogger:86 - Current enum = TRAINTYPE
2019-04-10 12:03:02 INFO  SaXLogger:86 - Current enum = null
2019-04-10 12:03:02 INFO  SaXLogger:86 - Current enum = FREIGHTVALUE
2019-04-10 12:03:02 INFO  SaXLogger:86 - Current enum = null
2019-04-10 12:03:02 INFO  SaXLogger:86 - Current enum = MATERIAL
2019-04-10 12:03:02 INFO  SaXLogger:86 - Current enum = null
2019-04-10 12:03:02 INFO  SaXLogger:77 - Train was added : имя='TrainHopper', максимальная скорость=100, количество вагонов=100, тип поезда=HOPPER, количество груза : 55, тип перевозимого материала=LOOSE
2019-04-10 12:03:02 INFO  SaXLogger:86 - Current enum = null
2019-04-10 12:03:02 INFO  SaXLogger:86 - Current enum = null
2019-04-10 12:03:02 INFO  SaXLogger:86 - Current enum = NAME
2019-04-10 12:03:02 INFO  SaXLogger:86 - Current enum = null
2019-04-10 12:03:02 INFO  SaXLogger:86 - Current enum = MAXSPEED
2019-04-10 12:03:02 INFO  SaXLogger:86 - Current enum = null
2019-04-10 12:03:02 INFO  SaXLogger:86 - Current enum = WAGONNUMBER
2019-04-10 12:03:02 INFO  SaXLogger:86 - Current enum = null
2019-04-10 12:03:02 INFO  SaXLogger:86 - Current enum = TRAINTYPE
2019-04-10 12:03:02 INFO  SaXLogger:86 - Current enum = null
2019-04-10 12:03:02 INFO  SaXLogger:86 - Current enum = FREIGHTVALUE
2019-04-10 12:03:02 INFO  SaXLogger:86 - Current enum = null
2019-04-10 12:03:02 INFO  SaXLogger:77 - Train was added : имя='FreightTrain', максимальная скорость=125, количество вагонов=10, тип поезда=FREIGHT, количество груза : 20
2019-04-10 12:03:02 INFO  SaXLogger:86 - Current enum = null
2019-04-10 12:03:02 INFO  SaXLogger:86 - Current enum = null
2019-04-10 12:03:02 INFO  SaXLogger:86 - Current enum = NAME
2019-04-10 12:03:02 INFO  SaXLogger:86 - Current enum = null
2019-04-10 12:03:02 INFO  SaXLogger:86 - Current enum = MAXSPEED
2019-04-10 12:03:02 INFO  SaXLogger:86 - Current enum = null
2019-04-10 12:03:02 INFO  SaXLogger:86 - Current enum = WAGONNUMBER
2019-04-10 12:03:02 INFO  SaXLogger:86 - Current enum = null
2019-04-10 12:03:02 INFO  SaXLogger:86 - Current enum = TRAINTYPE
2019-04-10 12:03:02 INFO  SaXLogger:86 - Current enum = null
2019-04-10 12:03:02 INFO  SaXLogger:86 - Current enum = PASSENGERVALUE
2019-04-10 12:03:02 INFO  SaXLogger:86 - Current enum = null
2019-04-10 12:03:02 INFO  SaXLogger:86 - Current enum = WAGONTYPE
2019-04-10 12:03:02 INFO  SaXLogger:86 - Current enum = null
2019-04-10 12:03:02 INFO  SaXLogger:77 - Train was added : имя='HighSpeedTrain2', максимальная скорость=220, количество вагонов=10, тип поезда=HIGHSPEED, количество пассажиров=66, тип вагона=FIRST_CLASS
2019-04-10 12:03:02 INFO  SaXLogger:86 - Current enum = null
